<?xml version="1.0" encoding="UTF-8"?>
<testng-results ignored="0" total="1" passed="1" failed="0" skipped="0">
  <reporter-output>
  </reporter-output>
  <suite started-at="2023-09-13T20:55:09 IST" name="Default suite" finished-at="2023-09-13T20:55:17 IST" duration-ms="8377">
    <groups>
    </groups>
    <test started-at="2023-09-13T20:55:09 IST" name="Default test" finished-at="2023-09-13T20:55:17 IST" duration-ms="8377">
      <class name="testscases.LoginFunctionalityTests">
        <test-method is-config="true" signature="globalSetup()[pri:0, instance:testscases.LoginFunctionalityTests@37858383]" started-at="2023-09-13T20:55:09 IST" name="globalSetup" finished-at="2023-09-13T20:55:09 IST" duration-ms="16" status="PASS">
          <reporter-output>
          </reporter-output>
        </test-method> <!-- globalSetup -->
        <test-method is-config="true" signature="setup()[pri:0, instance:testscases.LoginFunctionalityTests@37858383]" started-at="2023-09-13T20:55:09 IST" name="setup" finished-at="2023-09-13T20:55:11 IST" duration-ms="1810" status="PASS">
          <reporter-output>
          </reporter-output>
        </test-method> <!-- setup -->
        <test-method signature="registerUser()[pri:0, instance:testscases.LoginFunctionalityTests@37858383]" started-at="2023-09-13T20:55:11 IST" name="registerUser" finished-at="2023-09-13T20:55:16 IST" duration-ms="5515" status="PASS">
          <reporter-output>
          </reporter-output>
        </test-method> <!-- registerUser -->
        <test-method is-config="true" signature="wrapUp()[pri:0, instance:testscases.LoginFunctionalityTests@37858383]" started-at="2023-09-13T20:55:17 IST" name="wrapUp" finished-at="2023-09-13T20:55:17 IST" duration-ms="692" status="PASS">
          <reporter-output>
          </reporter-output>
        </test-method> <!-- wrapUp -->
        <test-method is-config="true" signature="wrapAllUp(org.testng.ITestContext)[pri:0, instance:testscases.LoginFunctionalityTests@37858383]" started-at="2023-09-13T20:55:18 IST" name="wrapAllUp" finished-at="2023-09-13T20:55:18 IST" duration-ms="1" status="PASS">
          <params>
            <param index="0">
              <value>
                <![CDATA[org.testng.TestRunner@351f2244]]>
              </value>
            </param>
          </params>
          <reporter-output>
          </reporter-output>
        </test-method> <!-- wrapAllUp -->
      </class> <!-- testscases.LoginFunctionalityTests -->
    </test> <!-- Default test -->
  </suite> <!-- Default suite -->
</testng-results>
